<?xml version="1.0" encoding="UTF-8"?>
<!-- Generated by org.testng.reporters.JUnitXMLReporter -->
<testsuite hostname="ASDA1711PO02529" ignored="0" name="Default test" tests="7" failures="0" timestamp="18 Jul 2019 06:34:13 GMT" time="8.657" errors="0">
  <testcase name="PostMethod1" time="3.201" classname="TestNG.PostMethod"/>
  <testcase name="test2" time="0.916" classname="TestNG.PostMethod"/>
  <testcase name="test3" time="0.927" classname="TestNG.PostMethod"/>
  <testcase name="test4" time="1.125" classname="TestNG.PostMethod"/>
  <testcase name="Test5" time="0.896" classname="TestNG.PostMethod"/>
  <testcase name="Test6" time="0.772" classname="TestNG.PostMethod"/>
  <testcase name="Test7" time="0.779" classname="TestNG.PostMethod"/>
</testsuite> <!-- Default test -->
